INFO:     Started server process [47013]
INFO:     Waiting for application startup.
INFO:     Application startup complete.
INFO:     Uvicorn running on http://0.0.0.0:8000 (Press CTRL+C to quit)
2026-04-25 09:43:53,884 INFO sqlalchemy.engine.Engine BEGIN (implicit)
2026-04-25 09:43:53,971 INFO sqlalchemy.engine.Engine SELECT users.id, users.username, users.password_hash, users.phone_number, users.role_id, users.supplier_id, users.status, users.last_login_at, users.last_login_ip, users.created_at 
FROM users 
WHERE users.id = ?
2026-04-25 09:43:53,971 INFO sqlalchemy.engine.Engine [generated in 0.00054s] (6,)
2026-04-25 09:43:53,976 INFO sqlalchemy.engine.Engine SELECT roles.id AS roles_id, roles.name AS roles_name, roles.code AS roles_code, roles.description AS roles_description, roles.created_at AS roles_created_at, roles.updated_at AS roles_updated_at 
FROM roles 
WHERE roles.id IN (?)
2026-04-25 09:43:53,976 INFO sqlalchemy.engine.Engine [generated in 0.00020s] (6,)
2026-04-25 09:43:53,979 INFO sqlalchemy.engine.Engine SELECT orders.id, orders.order_no, orders.user_id, orders.order_type, orders.total_amount, orders.status, orders.verified_at, orders.receiver_name, orders.receiver_phone, orders.receiver_address, orders.remark, orders.paid_at, orders.courier_company, orders.courier_no, orders.shipped_at, orders.shipper_id, orders.created_at, orders.updated_at 
FROM orders 
WHERE orders.id = ? AND orders.user_id = ?
2026-04-25 09:43:53,979 INFO sqlalchemy.engine.Engine [generated in 0.00016s] (88, 6)
2026-04-25 09:43:53,980 INFO sqlalchemy.engine.Engine SELECT verification_codes.order_id AS verification_codes_order_id, verification_codes.id AS verification_codes_id, verification_codes.code AS verification_codes_code, verification_codes.status AS verification_codes_status, verification_codes.created_at AS verification_codes_created_at, verification_codes.used_at AS verification_codes_used_at, verification_codes.verified_by AS verification_codes_verified_by 
FROM verification_codes 
WHERE verification_codes.order_id IN (?)
2026-04-25 09:43:53,980 INFO sqlalchemy.engine.Engine [generated in 0.00015s] (88,)
2026-04-25 09:43:53,983 INFO sqlalchemy.engine.Engine SELECT order_items.order_id AS order_items_order_id, order_items.id AS order_items_id, order_items.product_id AS order_items_product_id, order_items.quantity AS order_items_quantity, order_items.unit_price AS order_items_unit_price, order_items.subtotal AS order_items_subtotal 
FROM order_items 
WHERE order_items.order_id IN (?)
2026-04-25 09:43:53,983 INFO sqlalchemy.engine.Engine [generated in 0.00031s] (88,)
2026-04-25 09:43:53,986 INFO sqlalchemy.engine.Engine SELECT products.id AS products_id, products.name AS products_name, products.sku_code AS products_sku_code, products.status AS products_status, products.image AS products_image, products.image_url AS products_image_url, products.images AS products_images, products.description AS products_description, products.detail AS products_detail, products.stock AS products_stock, products.is_new AS products_is_new, products.supplier_id AS products_supplier_id, products.cost_price AS products_cost_price 
FROM products 
WHERE products.id IN (?, ?)
2026-04-25 09:43:53,986 INFO sqlalchemy.engine.Engine [generated in 0.00036s] (1, 2)
2026-04-25 09:43:53,988 INFO sqlalchemy.engine.Engine COMMIT
INFO:     127.0.0.1:64790 - "GET /api/v1/orders/88 HTTP/1.1" 200 OK
